c:\opengl\openglprojects\my-humble-opengl-work\myengine\x64\debug\vc143.pdb
c:\opengl\openglprojects\my-humble-opengl-work\myengine\x64\debug\vc143.idb
c:\opengl\openglprojects\my-humble-opengl-work\myengine\x64\debug\imgui_widgets.obj
c:\opengl\openglprojects\my-humble-opengl-work\myengine\x64\debug\imgui_tables.obj
c:\opengl\openglprojects\my-humble-opengl-work\myengine\x64\debug\imgui_impl_opengl3.obj
c:\opengl\openglprojects\my-humble-opengl-work\myengine\x64\debug\imgui_impl_glfw.obj
c:\opengl\openglprojects\my-humble-opengl-work\myengine\x64\debug\imgui_draw.obj
c:\opengl\openglprojects\my-humble-opengl-work\myengine\x64\debug\imgui_demo.obj
c:\opengl\openglprojects\my-humble-opengl-work\myengine\x64\debug\imgui.obj
c:\opengl\openglprojects\my-humble-opengl-work\myengine\x64\debug\enginesettings.obj
c:\opengl\openglprojects\my-humble-opengl-work\myengine\x64\debug\engine.obj
c:\opengl\openglprojects\my-humble-opengl-work\myengine\x64\debug\glad.obj
c:\opengl\openglprojects\my-humble-opengl-work\myengine\x64\debug\engine.ilk
c:\opengl\openglprojects\my-humble-opengl-work\myengine\x64\debug\engine.exe
c:\opengl\openglprojects\my-humble-opengl-work\myengine\x64\debug\engine.pdb
c:\opengl\openglprojects\my-humble-opengl-work\myengine\x64\debug\engine.tlog\cl.command.1.tlog
c:\opengl\openglprojects\my-humble-opengl-work\myengine\x64\debug\engine.tlog\cl.items.tlog
c:\opengl\openglprojects\my-humble-opengl-work\myengine\x64\debug\engine.tlog\cl.read.1.tlog
c:\opengl\openglprojects\my-humble-opengl-work\myengine\x64\debug\engine.tlog\cl.write.1.tlog
c:\opengl\openglprojects\my-humble-opengl-work\myengine\x64\debug\engine.tlog\link.command.1.tlog
c:\opengl\openglprojects\my-humble-opengl-work\myengine\x64\debug\engine.tlog\link.read.1.tlog
c:\opengl\openglprojects\my-humble-opengl-work\myengine\x64\debug\engine.tlog\link.write.1.tlog
